[14:51:09] This is prokka 1.14.6
[14:51:09] Written by Torsten Seemann <torsten.seemann@gmail.com>
[14:51:09] Homepage is https://github.com/tseemann/prokka
[14:51:09] Local time is Mon Aug  8 14:51:09 2022
[14:51:09] You are kristinaceres
[14:51:09] Operating system is darwin
[14:51:09] You have BioPerl 1.7.8
[14:51:10] System has 8 cores.
[14:51:10] Will use maximum of 8 cores.
[14:51:10] Annotating as >>> Bacteria <<<
[14:51:10] Generating locus_tag from '/Users/kristinaceres/Thylacine_Design/pangenome_analysis/data/fastas/AM712239.1.fasta' contents.
[14:51:10] Setting --locustag COFHDJOM from MD5 c8f1d386b789636618dc098d23cc5f46
[14:51:10] Creating new output folder: prokka_out/AM712239.1_prokka
[14:51:10] Running: mkdir -p prokka_out\/AM712239\.1_prokka
[14:51:10] Using filename prefix: PROKKA_08082022.XXX
[14:51:10] Setting HMMER_NCPU=1
[14:51:10] Writing log to: prokka_out/AM712239.1_prokka/PROKKA_08082022.log
[14:51:10] Command: /usr/local/bin/prokka /Users/kristinaceres/Thylacine_Design/pangenome_analysis/data/fastas/AM712239.1.fasta --proteins /Users/kristinaceres/Thylacine_Design/pangenome_analysis/data/ref/GCF_000858485.1.gbff --outdir prokka_out/AM712239.1_prokka
[14:51:10] Appending to PATH: /usr/local/Cellar/prokka/1.14.6/bin
[14:51:10] Looking for 'aragorn' - found /usr/local/bin/aragorn
[14:51:10] Determined aragorn version is 001002 from 'ARAGORN v1.2.38 Dean Laslett'
[14:51:10] Looking for 'barrnap' - found /usr/local/bin/barrnap
[14:51:10] Determined barrnap version is 000009 from 'barrnap 0.9'
[14:51:10] Looking for 'blastp' - found /Users/kristinaceres/miniconda3/envs/CXL/bin/blastp
[14:51:10] Determined blastp version is 002012 from 'blastp: 2.12.0+'
[14:51:10] Looking for 'cmpress' - found /usr/local/bin/cmpress
[14:51:10] Determined cmpress version is 001001 from '# INFERNAL 1.1.3 (Nov 2019)'
[14:51:10] Looking for 'cmscan' - found /usr/local/bin/cmscan
[14:51:10] Determined cmscan version is 001001 from '# INFERNAL 1.1.3 (Nov 2019)'
[14:51:10] Looking for 'egrep' - found /usr/bin/egrep
[14:51:10] Looking for 'find' - found /usr/bin/find
[14:51:10] Looking for 'grep' - found /usr/bin/grep
[14:51:10] Looking for 'hmmpress' - found /usr/local/bin/hmmpress
[14:51:10] Determined hmmpress version is 003003 from '# HMMER 3.3.2 (Nov 2020); http://hmmer.org/'
[14:51:10] Looking for 'hmmscan' - found /usr/local/bin/hmmscan
[14:51:10] Determined hmmscan version is 003003 from '# HMMER 3.3.2 (Nov 2020); http://hmmer.org/'
[14:51:10] Looking for 'java' - found /Users/kristinaceres/miniconda3/envs/CXL/bin/java
[14:51:10] Looking for 'makeblastdb' - found /Users/kristinaceres/miniconda3/envs/CXL/bin/makeblastdb
[14:51:10] Determined makeblastdb version is 002012 from 'makeblastdb: 2.12.0+'
[14:51:10] Looking for 'minced' - found /Users/kristinaceres/miniconda3/envs/CXL/bin/minced
[14:51:10] Determined minced version is 004002 from 'minced 0.4.2'
[14:51:10] Looking for 'parallel' - found /usr/local/bin/parallel
[14:51:10] Determined parallel version is 20220322 from 'GNU parallel 20220322'
[14:51:10] Looking for 'prodigal' - found /usr/local/bin/prodigal
[14:51:10] Determined prodigal version is 002006 from 'Prodigal V2.6.3: February, 2016'
[14:51:10] Looking for 'prokka-genbank_to_fasta_db' - found /usr/local/bin/prokka-genbank_to_fasta_db
[14:51:10] Looking for 'sed' - found /usr/bin/sed
[14:51:10] Looking for 'tbl2asn' - found /usr/local/bin/tbl2asn
[14:51:10] Determined tbl2asn version is 025008 from 'tbl2asn 25.8   arguments:'
[14:51:10] Using genetic code table 11.
[14:51:10] Loading and checking input file: /Users/kristinaceres/Thylacine_Design/pangenome_analysis/data/fastas/AM712239.1.fasta
[14:51:10] Wrote 1 contigs totalling 182284 bp.
[14:51:10] Predicting tRNAs and tmRNAs
[14:51:10] Running: aragorn -l -gc11  -w prokka_out\/AM712239\.1_prokka\/PROKKA_08082022\.fna
[14:51:10] Found 0 tRNAs
[14:51:10] Predicting Ribosomal RNAs
[14:51:10] Running Barrnap with 8 threads
[14:51:11] Found 0 rRNAs
[14:51:11] Skipping ncRNA search, enable with --rfam if desired.
[14:51:11] Total of 0 tRNA + rRNA features
[14:51:11] Searching for CRISPR repeats
[14:51:11] Found 0 CRISPRs
[14:51:11] Predicting coding sequences
[14:51:11] Contigs total 182284 bp, so using single mode
[14:51:11] Running: prodigal -i prokka_out\/AM712239\.1_prokka\/PROKKA_08082022\.fna -c -m -g 11 -p single -f sco -q
[14:51:11] Found 163 CDS
[14:51:11] Connecting features back to sequences
[14:51:11] Not using genus-specific database. Try --usegenus to enable it.
[14:51:11] Preparing user-supplied primary BLAST annotation source: /Users/kristinaceres/Thylacine_Design/pangenome_analysis/data/ref/GCF_000858485.1.gbff
[14:51:11] Guessed source was in genbank format.
[14:51:11] Converting genbank '/Users/kristinaceres/Thylacine_Design/pangenome_analysis/data/ref/GCF_000858485.1.gbff' into Prokka FASTA 'prokka_out/AM712239.1_prokka/proteins.faa'
[14:51:11] Running: prokka-genbank_to_fasta_db --format genbank \/Users\/kristinaceres\/Thylacine_Design\/pangenome_analysis\/data\/ref\/GCF_000858485\.1\.gbff > prokka_out\/AM712239\.1_prokka\/proteins\.faa 2> /dev/null
[14:51:12] Running: makeblastdb -dbtype prot -in prokka_out\/AM712239\.1_prokka\/proteins\.faa -out prokka_out\/AM712239\.1_prokka\/proteins -logfile /dev/null
[14:51:12] Using /inference source as 'GCF_000858485.1.gbff'
[14:51:12] Annotating CDS, please be patient.
[14:51:12] Will use 8 CPUs for similarity searching.
[14:51:12] There are still 163 unannotated CDS left (started with 163)
[14:51:12] Will use blast to search against prokka_out/AM712239.1_prokka/proteins with 8 CPUs
[14:51:12] Running: cat prokka_out\/AM712239\.1_prokka\/PROKKA_08082022\.proteins\.tmp\.11072\.faa | parallel --gnu --plain -j 8 --block 3431 --recstart '>' --pipe blastp -query - -db prokka_out/AM712239.1_prokka/proteins -evalue 1e-09 -qcov_hsp_perc 80 -num_threads 1 -num_descriptions 1 -num_alignments 1 -seg no > prokka_out\/AM712239\.1_prokka\/PROKKA_08082022\.proteins\.tmp\.11072\.blast 2> /dev/null
[14:51:13] Modify product: CD2 homolog => CD2 
[14:51:13] Modify product: bcl-2/bax homolog => bcl-2/bax 
[14:51:13] Modify product: IAP homolog => IAP 
[14:51:13] Modify product: transcription factor SII homolog => transcription factor SII 
[14:51:13] Cleaned 4 /product names
[14:51:13] Deleting unwanted file: prokka_out/AM712239.1_prokka/PROKKA_08082022.proteins.tmp.11072.faa
[14:51:13] Deleting unwanted file: prokka_out/AM712239.1_prokka/PROKKA_08082022.proteins.tmp.11072.blast
[14:51:13] There are still 20 unannotated CDS left (started with 163)
[14:51:13] Will use blast to search against /usr/local/Cellar/prokka/1.14.6/db/kingdom/Bacteria/IS with 8 CPUs
[14:51:13] Running: cat prokka_out\/AM712239\.1_prokka\/PROKKA_08082022\.IS\.tmp\.11072\.faa | parallel --gnu --plain -j 8 --block 158 --recstart '>' --pipe blastp -query - -db /usr/local/Cellar/prokka/1.14.6/db/kingdom/Bacteria/IS -evalue 1e-30 -qcov_hsp_perc 90 -num_threads 1 -num_descriptions 1 -num_alignments 1 -seg no > prokka_out\/AM712239\.1_prokka\/PROKKA_08082022\.IS\.tmp\.11072\.blast 2> /dev/null
[14:51:13] Deleting unwanted file: prokka_out/AM712239.1_prokka/PROKKA_08082022.IS.tmp.11072.faa
[14:51:13] Deleting unwanted file: prokka_out/AM712239.1_prokka/PROKKA_08082022.IS.tmp.11072.blast
[14:51:13] There are still 20 unannotated CDS left (started with 163)
[14:51:13] Will use blast to search against /usr/local/Cellar/prokka/1.14.6/db/kingdom/Bacteria/AMR with 8 CPUs
[14:51:13] Running: cat prokka_out\/AM712239\.1_prokka\/PROKKA_08082022\.AMR\.tmp\.11072\.faa | parallel --gnu --plain -j 8 --block 158 --recstart '>' --pipe blastp -query - -db /usr/local/Cellar/prokka/1.14.6/db/kingdom/Bacteria/AMR -evalue 1e-300 -qcov_hsp_perc 90 -num_threads 1 -num_descriptions 1 -num_alignments 1 -seg no > prokka_out\/AM712239\.1_prokka\/PROKKA_08082022\.AMR\.tmp\.11072\.blast 2> /dev/null
[14:51:14] Deleting unwanted file: prokka_out/AM712239.1_prokka/PROKKA_08082022.AMR.tmp.11072.faa
[14:51:14] Deleting unwanted file: prokka_out/AM712239.1_prokka/PROKKA_08082022.AMR.tmp.11072.blast
[14:51:14] There are still 20 unannotated CDS left (started with 163)
[14:51:14] Will use blast to search against /usr/local/Cellar/prokka/1.14.6/db/kingdom/Bacteria/sprot with 8 CPUs
[14:51:14] Running: cat prokka_out\/AM712239\.1_prokka\/PROKKA_08082022\.sprot\.tmp\.11072\.faa | parallel --gnu --plain -j 8 --block 158 --recstart '>' --pipe blastp -query - -db /usr/local/Cellar/prokka/1.14.6/db/kingdom/Bacteria/sprot -evalue 1e-09 -qcov_hsp_perc 80 -num_threads 1 -num_descriptions 1 -num_alignments 1 -seg no > prokka_out\/AM712239\.1_prokka\/PROKKA_08082022\.sprot\.tmp\.11072\.blast 2> /dev/null
[14:51:15] Deleting unwanted file: prokka_out/AM712239.1_prokka/PROKKA_08082022.sprot.tmp.11072.faa
[14:51:15] Deleting unwanted file: prokka_out/AM712239.1_prokka/PROKKA_08082022.sprot.tmp.11072.blast
[14:51:15] There are still 20 unannotated CDS left (started with 163)
[14:51:15] Will use hmmer3 to search against /usr/local/Cellar/prokka/1.14.6/db/hmm/HAMAP.hmm with 8 CPUs
[14:51:15] Running: cat prokka_out\/AM712239\.1_prokka\/PROKKA_08082022\.HAMAP\.hmm\.tmp\.11072\.faa | parallel --gnu --plain -j 8 --block 158 --recstart '>' --pipe hmmscan --noali --notextw --acc -E 1e-09 --cpu 1 /usr/local/Cellar/prokka/1.14.6/db/hmm/HAMAP.hmm /dev/stdin > prokka_out\/AM712239\.1_prokka\/PROKKA_08082022\.HAMAP\.hmm\.tmp\.11072\.hmmer3 2> /dev/null
[14:51:15] Deleting unwanted file: prokka_out/AM712239.1_prokka/PROKKA_08082022.HAMAP.hmm.tmp.11072.faa
[14:51:15] Deleting unwanted file: prokka_out/AM712239.1_prokka/PROKKA_08082022.HAMAP.hmm.tmp.11072.hmmer3
[14:51:15] Deleting unwanted file: prokka_out/AM712239.1_prokka/proteins.psq
[14:51:15] Deleting unwanted file: prokka_out/AM712239.1_prokka/proteins.phr
[14:51:15] Deleting unwanted file: prokka_out/AM712239.1_prokka/proteins.pin
[14:51:15] Labelling remaining 20 proteins as 'hypothetical protein'
[14:51:15] Possible /pseudo 'pL356L' at AM712239.1 position 4804
[14:51:15] Possible /pseudo 'pL356L' at AM712239.1 position 19607
[14:51:15] Possible /pseudo 'pL356L' at AM712239.1 position 20703
[14:51:15] Possible /pseudo 'pA528R' at AM712239.1 position 34973
[14:51:15] Possible /pseudo 'helicase' at AM712239.1 position 153661
[14:51:15] Found 132 unique /gene codes.
[14:51:15] Fixed 7 duplicate /gene - L356L_1 L356L_2 L356L_3 L356L_4 L356L_5 L356L_6 L356L_7
[14:51:15] Fixed 2 duplicate /gene - KP177R_1 KP177R_2
[14:51:15] Fixed 2 duplicate /gene - DP363R_1 DP363R_2
[14:51:15] Fixed 2 duplicate /gene - A528R_1 A528R_2
[14:51:15] Fixed 2 duplicate /gene - A489R_1 A489R_2
[14:51:15] Fixed 2 duplicate /gene - L270L_1 L270L_2
[14:51:15] Fixed 6 colliding /gene names.
[14:51:15] Adding /locus_tag identifiers
[14:51:15] Assigned 163 locus_tags to CDS and RNA features.
[14:51:15] Writing outputs to prokka_out/AM712239.1_prokka/
[14:51:15] Generating annotation statistics file
[14:51:15] Generating Genbank and Sequin files
[14:51:15] Running: tbl2asn -V b -a r10k -l paired-ends -M n -N 1 -y 'Annotated using prokka 1.14.6 from https://github.com/tseemann/prokka' -Z prokka_out\/AM712239\.1_prokka\/PROKKA_08082022\.err -i prokka_out\/AM712239\.1_prokka\/PROKKA_08082022\.fsa 2> /dev/null
[14:51:16] Deleting unwanted file: prokka_out/AM712239.1_prokka/errorsummary.val
[14:51:16] Deleting unwanted file: prokka_out/AM712239.1_prokka/PROKKA_08082022.dr
[14:51:16] Deleting unwanted file: prokka_out/AM712239.1_prokka/PROKKA_08082022.fixedproducts
[14:51:16] Deleting unwanted file: prokka_out/AM712239.1_prokka/PROKKA_08082022.ecn
[14:51:16] Deleting unwanted file: prokka_out/AM712239.1_prokka/PROKKA_08082022.val
[14:51:16] Repairing broken .GBK output that tbl2asn produces...
[14:51:16] Running: sed 's/COORDINATES: profile/COORDINATES:profile/' < prokka_out\/AM712239\.1_prokka\/PROKKA_08082022\.gbf > prokka_out\/AM712239\.1_prokka\/PROKKA_08082022\.gbk
[14:51:16] Deleting unwanted file: prokka_out/AM712239.1_prokka/PROKKA_08082022.gbf
[14:51:16] Output files:
[14:51:16] prokka_out/AM712239.1_prokka/PROKKA_08082022.gbk
[14:51:16] prokka_out/AM712239.1_prokka/PROKKA_08082022.ffn
[14:51:16] prokka_out/AM712239.1_prokka/PROKKA_08082022.log
[14:51:16] prokka_out/AM712239.1_prokka/PROKKA_08082022.faa
[14:51:16] prokka_out/AM712239.1_prokka/PROKKA_08082022.fsa
[14:51:16] prokka_out/AM712239.1_prokka/PROKKA_08082022.txt
[14:51:16] prokka_out/AM712239.1_prokka/PROKKA_08082022.err
[14:51:16] prokka_out/AM712239.1_prokka/PROKKA_08082022.fna
[14:51:16] prokka_out/AM712239.1_prokka/PROKKA_08082022.tsv
[14:51:16] prokka_out/AM712239.1_prokka/PROKKA_08082022.sqn
[14:51:16] prokka_out/AM712239.1_prokka/PROKKA_08082022.tbl
[14:51:16] prokka_out/AM712239.1_prokka/PROKKA_08082022.gff
[14:51:16] Annotation finished successfully.
[14:51:16] Walltime used: 0.12 minutes
[14:51:16] If you use this result please cite the Prokka paper:
[14:51:16] Seemann T (2014) Prokka: rapid prokaryotic genome annotation. Bioinformatics. 30(14):2068-9.
[14:51:16] Type 'prokka --citation' for more details.
[14:51:16] Share and enjoy!
